[00:39:40] INFO  glitch.main_window │ Loading initial audio: C:/Users/dauri/Downloads/MyRec_0207_2203.mp3
[00:39:40] INFO  glitch.audio_engine │ load_audio called for: C:/Users/dauri/Downloads/MyRec_0207_2203.mp3
[00:39:40] INFO  glitch.audio_engine │ Attempting pydub load...
[00:39:41] INFO  glitch.audio_engine │ Attempting librosa load...
[00:39:43] INFO  glitch.audio_engine │ Audio loaded (librosa): 199168 samples @ 48000 Hz
[00:39:43] INFO  glitch.playback    │ Audio stream: device=None bs=256 lat=low
[00:39:57] INFO  glitch.playback    │ Audio stream: device=None bs=256 lat=low
[00:40:03] INFO  glitch.playback    │ Audio stream: device=None bs=256 lat=low
[00:40:03] INFO  glitch.main_window │ Play from start
[00:40:06] INFO  glitch.main_window │ Playback paused
[00:40:08] INFO  glitch.playback    │ Audio stream: device=None bs=256 lat=low
[00:40:08] INFO  glitch.main_window │ Play from start
[00:40:10] INFO  glitch.main_window │ Playback paused
[00:40:12] INFO  glitch.playback    │ Audio stream: device=None bs=256 lat=low
[00:40:12] INFO  glitch.main_window │ Action: Undo 'Volume'
[00:40:14] INFO  glitch.main_window │ Play from start
[00:40:15] INFO  glitch.main_window │ Playback paused
[00:40:20] INFO  glitch.main_window │ Action: Undo 'Volume'
[00:40:22] INFO  glitch.main_window │ Action: Undo 'Pan / Stereo'
[00:40:32] INFO  glitch.main_window │ Play from start
[00:40:33] INFO  glitch.main_window │ Playback paused
[00:40:35] INFO  glitch.main_window │ Action: Toggle operation 'Volume' [7ce5920b] -> OFF
[00:40:42] INFO  glitch.main_window │ Action: Delete operation 'Volume' [7ce5920b]
[00:40:45] INFO  glitch.main_window │ Action: Delete operation 'Volume' [3c34727f]
[00:40:55] INFO  glitch.playback    │ Audio stream: device=None bs=256 lat=low
[00:40:56] INFO  glitch.main_window │ Play from anchor: 12326
[00:41:00] INFO  glitch.main_window │ Playback paused
[00:41:04] INFO  glitch.playback    │ Audio stream: device=None bs=256 lat=low
[00:41:08] INFO  glitch.playback    │ Audio stream: device=None bs=256 lat=low
[00:41:08] INFO  glitch.main_window │ Action: Edit operation 'Volume' [a6261438] with new params
[00:41:08] INFO  glitch.main_window │ Play from anchor: 22160
[00:41:09] INFO  glitch.main_window │ Playback paused
[00:41:13] INFO  glitch.playback    │ Audio stream: device=None bs=256 lat=low
[00:41:13] INFO  glitch.main_window │ Action: Edit operation 'Volume' [a6261438] with new params
[00:41:13] INFO  glitch.main_window │ Play from anchor: 22160
[00:41:14] INFO  glitch.main_window │ Playback paused
[00:41:17] INFO  glitch.playback    │ Audio stream: device=None bs=256 lat=low
[00:41:17] INFO  glitch.main_window │ Action: Edit operation 'Volume' [a6261438] with new params
[00:41:17] INFO  glitch.main_window │ Play from anchor: 22160
[00:41:19] INFO  glitch.main_window │ Playback paused
[00:41:21] INFO  glitch.main_window │ Playback paused
[00:42:18] INFO  glitch.playback    │ Audio stream: device=None bs=256 lat=low
[00:42:36] INFO  glitch.playback    │ Audio stream: device=None bs=256 lat=low
[00:43:22] INFO  glitch.playback    │ Audio stream: device=None bs=256 lat=low
[00:43:24] INFO  glitch.main_window │ Play selection: 13019 to 181993
[00:43:28] INFO  glitch.main_window │ Playback paused
[00:43:39] INFO  glitch.main_window │ Action: Toggle operation 'Volume' [a6261438] -> OFF
[00:43:39] INFO  glitch.main_window │ Play from anchor: 212243
[00:43:41] INFO  glitch.main_window │ Action: Toggle operation 'Volume' [a6261438] -> ON
[00:43:42] INFO  glitch.main_window │ Action: Toggle operation 'Pitch Shift' [cd08bfde] -> OFF
[00:43:42] INFO  glitch.main_window │ Play from anchor: 212243
[00:43:43] INFO  glitch.main_window │ Playback paused
[00:43:44] INFO  glitch.main_window │ Action: Delete operation 'Pitch Shift' [cd08bfde]
[00:43:57] INFO  glitch.playback    │ Audio stream: device=None bs=256 lat=low
[00:43:58] INFO  glitch.main_window │ Play from anchor: 64127
[00:44:00] INFO  glitch.main_window │ Playback paused
[00:44:01] INFO  glitch.main_window │ Playback paused
[00:44:01] INFO  glitch.main_window │ Playback paused
[00:44:04] INFO  glitch.main_window │ Action: Delete operation 'Tape Stop' [16c8726b]
[00:44:13] INFO  glitch.playback    │ Audio stream: device=None bs=256 lat=low
[00:44:13] INFO  glitch.main_window │ Play from anchor: 67451
[00:44:16] INFO  glitch.main_window │ Playback paused
[00:44:16] INFO  glitch.main_window │ Playback paused
[00:44:19] INFO  glitch.main_window │ Playback paused
[00:44:21] INFO  glitch.main_window │ Action: Undo 'Tape Stop'
[00:44:22] INFO  glitch.main_window │ Play from anchor: 90027
[00:44:23] INFO  glitch.main_window │ Playback paused
[00:44:28] INFO  glitch.playback    │ Audio stream: device=None bs=256 lat=low
[00:44:28] INFO  glitch.main_window │ Play selection: 18559 to 182409
[00:44:32] INFO  glitch.main_window │ Playback paused
[00:44:34] INFO  glitch.main_window │ Playback paused
[00:44:35] INFO  glitch.main_window │ Playback paused
[00:44:36] INFO  glitch.main_window │ Playback paused
[00:44:44] INFO  glitch.main_window │ Playback paused
[00:44:45] INFO  glitch.main_window │ Action: Undo 'Tape Stop'
[00:45:40] INFO  glitch.main_window │ Play from anchor: 96813
[00:45:42] INFO  glitch.main_window │ Playback paused
[00:46:43] INFO  glitch.playback    │ Audio stream: device=None bs=256 lat=low
[00:46:46] INFO  glitch.main_window │ Play selection: 99722 to 100830
[00:46:47] INFO  glitch.main_window │ Playback paused
[00:46:48] INFO  glitch.main_window │ Playback paused
[00:46:48] INFO  glitch.main_window │ Playback paused
[00:46:49] INFO  glitch.main_window │ Playback paused
[00:46:57] INFO  glitch.main_window │ Playback paused
[00:46:59] INFO  glitch.main_window │ Playback paused
[00:47:00] INFO  glitch.main_window │ Action: Undo 'Time Stretch'
[00:47:01] INFO  glitch.main_window │ Play from anchor: 329084
[00:47:03] INFO  glitch.main_window │ Playback paused
[00:47:40] INFO  glitch.playback    │ Audio stream: device=None bs=256 lat=low
[00:48:15] INFO  glitch.playback    │ Audio stream: device=None bs=256 lat=low
[00:48:22] DEBUG glitch.effect.saturation │ Saturation mode=hard drive=3.0 applied to 199168 samples
[00:48:28] DEBUG glitch.effect.saturation │ Saturation mode=overdrive drive=5.0 applied to 199168 samples
[00:48:32] DEBUG glitch.effect.saturation │ Saturation mode=overdrive drive=5.0 applied to 199168 samples
[00:48:37] DEBUG glitch.effect.saturation │ Saturation mode=overdrive drive=5.0 applied to 199168 samples
[00:48:40] DEBUG glitch.effect.saturation │ Saturation mode=overdrive drive=5.0 applied to 199168 samples
[00:48:43] DEBUG glitch.effect.saturation │ Saturation mode=overdrive drive=5.0 applied to 199168 samples
[00:48:48] DEBUG glitch.effect.saturation │ Saturation mode=hard drive=17.9 applied to 199168 samples
[00:48:52] DEBUG glitch.effect.saturation │ Saturation mode=overdrive drive=5.0 applied to 199168 samples
[00:48:53] DEBUG glitch.effect.saturation │ Saturation mode=overdrive drive=5.0 applied to 199168 samples
[00:48:55] DEBUG glitch.effect.saturation │ Saturation mode=overdrive drive=5.0 applied to 199168 samples
[00:48:58] INFO  glitch.playback    │ Audio stream: device=None bs=256 lat=low
[00:49:02] INFO  glitch.playback    │ Audio stream: device=None bs=256 lat=low
[00:50:17] INFO  glitch.playback    │ Audio stream: device=None bs=256 lat=low
[00:51:18] INFO  glitch.playback    │ Audio stream: device=None bs=256 lat=low
[00:51:41] INFO  glitch.playback    │ Audio stream: device=None bs=256 lat=low
[00:52:23] INFO  glitch.playback    │ Audio stream: device=None bs=256 lat=low
[00:52:31] INFO  glitch.playback    │ Audio stream: device=None bs=256 lat=low
[00:52:35] INFO  glitch.playback    │ Audio stream: device=None bs=256 lat=low
[00:52:36] INFO  glitch.main_window │ Play from anchor: 50770
[00:52:39] INFO  glitch.main_window │ Playback paused
[00:54:21] INFO  glitch.playback    │ Audio stream: device=None bs=256 lat=low
[00:54:23] INFO  glitch.playback    │ Audio stream: device=None bs=256 lat=low
[00:54:25] INFO  glitch.main_window │ Play from anchor: 50770
[00:54:26] INFO  glitch.main_window │ Action: Undo 'OTT'
[00:54:27] INFO  glitch.main_window │ Action: Undo 'Delay'
[00:54:43] INFO  glitch.playback    │ Audio stream: device=None bs=256 lat=low
[00:55:00] INFO  glitch.playback    │ Audio stream: device=None bs=256 lat=low
[00:55:48] INFO  glitch.main_window │ Play from anchor: 24238
[00:55:49] INFO  glitch.main_window │ Playback paused
[00:55:53] INFO  glitch.playback    │ Audio stream: device=None bs=256 lat=low
[00:55:53] INFO  glitch.main_window │ Play from anchor: 24238
[00:55:55] INFO  glitch.main_window │ Playback paused
[00:55:56] INFO  glitch.main_window │ Action: Undo 'Vinyl'
[00:56:02] INFO  glitch.playback    │ Audio stream: device=None bs=256 lat=low
[00:56:13] INFO  glitch.playback    │ Audio stream: device=None bs=256 lat=low
[00:56:22] INFO  glitch.playback    │ Audio stream: device=None bs=256 lat=low
[00:56:34] INFO  glitch.playback    │ Audio stream: device=None bs=256 lat=low
[00:56:45] INFO  glitch.playback    │ Audio stream: device=None bs=256 lat=low
[00:56:55] INFO  glitch.playback    │ Audio stream: device=None bs=256 lat=low
[01:05:47] CRITICAL glitch.crash       │ Unhandled exception: ImportError: cannot import name 'RobotDialog' from 'gui.effect_dialogs' (C:\Users\dauri\Downloads\GlitchMaker\gui\effect_dialogs.py)
